<?xml version="1.0" encoding="UTF-8"?>
<testsuite xmlns:xsi="http://www.w3.org/2001/XMLSchema-instance" xsi:noNamespaceSchemaLocation="https://maven.apache.org/surefire/maven-surefire-plugin/xsd/surefire-test-report.xsd" name="ng.nectar.PoliworksApplicationTests" time="28.268" tests="1" errors="0" skipped="0" failures="0">
  <properties>
    <property name="sun.desktop" value="windows"/>
    <property name="awt.toolkit" value="sun.awt.windows.WToolkit"/>
    <property name="file.encoding.pkg" value="sun.io"/>
    <property name="java.specification.version" value="1.8"/>
    <property name="sun.cpu.isalist" value="amd64"/>
    <property name="sun.jnu.encoding" value="Cp1252"/>
    <property name="java.class.path" value="C:\Users\Abioye\nectar\target\test-classes;C:\Users\Abioye\nectar\target\classes;C:\Users\Abioye\.m2\repository\org\springframework\boot\spring-boot-properties-migrator\2.0.0.RELEASE\spring-boot-properties-migrator-2.0.0.RELEASE.jar;C:\Users\Abioye\.m2\repository\org\springframework\boot\spring-boot\2.0.0.RELEASE\spring-boot-2.0.0.RELEASE.jar;C:\Users\Abioye\.m2\repository\org\springframework\boot\spring-boot-configuration-metadata\2.0.0.RELEASE\spring-boot-configuration-metadata-2.0.0.RELEASE.jar;C:\Users\Abioye\.m2\repository\com\vaadin\external\google\android-json\0.0.20131108.vaadin1\android-json-0.0.20131108.vaadin1.jar;C:\Users\Abioye\.m2\repository\org\springframework\boot\spring-boot-starter-data-jpa\2.0.0.RELEASE\spring-boot-starter-data-jpa-2.0.0.RELEASE.jar;C:\Users\Abioye\.m2\repository\org\springframework\boot\spring-boot-starter\2.0.0.RELEASE\spring-boot-starter-2.0.0.RELEASE.jar;C:\Users\Abioye\.m2\repository\org\springframework\boot\spring-boot-starter-logging\2.0.0.RELEASE\spring-boot-starter-logging-2.0.0.RELEASE.jar;C:\Users\Abioye\.m2\repository\ch\qos\logback\logback-classic\1.2.3\logback-classic-1.2.3.jar;C:\Users\Abioye\.m2\repository\ch\qos\logback\logback-core\1.2.3\logback-core-1.2.3.jar;C:\Users\Abioye\.m2\repository\org\apache\logging\log4j\log4j-to-slf4j\2.10.0\log4j-to-slf4j-2.10.0.jar;C:\Users\Abioye\.m2\repository\org\apache\logging\log4j\log4j-api\2.10.0\log4j-api-2.10.0.jar;C:\Users\Abioye\.m2\repository\org\slf4j\jul-to-slf4j\1.7.25\jul-to-slf4j-1.7.25.jar;C:\Users\Abioye\.m2\repository\javax\annotation\javax.annotation-api\1.3.2\javax.annotation-api-1.3.2.jar;C:\Users\Abioye\.m2\repository\org\yaml\snakeyaml\1.19\snakeyaml-1.19.jar;C:\Users\Abioye\.m2\repository\org\springframework\boot\spring-boot-starter-aop\2.0.0.RELEASE\spring-boot-starter-aop-2.0.0.RELEASE.jar;C:\Users\Abioye\.m2\repository\org\aspectj\aspectjweaver\1.8.13\aspectjweaver-1.8.13.jar;C:\Users\Abioye\.m2\repository\org\springframework\boot\spring-boot-starter-jdbc\2.0.0.RELEASE\spring-boot-starter-jdbc-2.0.0.RELEASE.jar;C:\Users\Abioye\.m2\repository\com\zaxxer\HikariCP\2.7.8\HikariCP-2.7.8.jar;C:\Users\Abioye\.m2\repository\org\springframework\spring-jdbc\5.0.4.RELEASE\spring-jdbc-5.0.4.RELEASE.jar;C:\Users\Abioye\.m2\repository\org\hibernate\hibernate-core\5.2.14.Final\hibernate-core-5.2.14.Final.jar;C:\Users\Abioye\.m2\repository\org\jboss\logging\jboss-logging\3.3.2.Final\jboss-logging-3.3.2.Final.jar;C:\Users\Abioye\.m2\repository\org\hibernate\javax\persistence\hibernate-jpa-2.1-api\1.0.0.Final\hibernate-jpa-2.1-api-1.0.0.Final.jar;C:\Users\Abioye\.m2\repository\org\javassist\javassist\3.22.0-GA\javassist-3.22.0-GA.jar;C:\Users\Abioye\.m2\repository\antlr\antlr\2.7.7\antlr-2.7.7.jar;C:\Users\Abioye\.m2\repository\org\jboss\jandex\2.0.3.Final\jandex-2.0.3.Final.jar;C:\Users\Abioye\.m2\repository\com\fasterxml\classmate\1.3.4\classmate-1.3.4.jar;C:\Users\Abioye\.m2\repository\dom4j\dom4j\1.6.1\dom4j-1.6.1.jar;C:\Users\Abioye\.m2\repository\org\hibernate\common\hibernate-commons-annotations\5.0.1.Final\hibernate-commons-annotations-5.0.1.Final.jar;C:\Users\Abioye\.m2\repository\javax\transaction\javax.transaction-api\1.2\javax.transaction-api-1.2.jar;C:\Users\Abioye\.m2\repository\org\springframework\data\spring-data-jpa\2.0.5.RELEASE\spring-data-jpa-2.0.5.RELEASE.jar;C:\Users\Abioye\.m2\repository\org\springframework\data\spring-data-commons\2.0.5.RELEASE\spring-data-commons-2.0.5.RELEASE.jar;C:\Users\Abioye\.m2\repository\org\springframework\spring-orm\5.0.4.RELEASE\spring-orm-5.0.4.RELEASE.jar;C:\Users\Abioye\.m2\repository\org\springframework\spring-tx\5.0.4.RELEASE\spring-tx-5.0.4.RELEASE.jar;C:\Users\Abioye\.m2\repository\org\springframework\spring-beans\5.0.4.RELEASE\spring-beans-5.0.4.RELEASE.jar;C:\Users\Abioye\.m2\repository\org\springframework\spring-aspects\5.0.4.RELEASE\spring-aspects-5.0.4.RELEASE.jar;C:\Users\Abioye\.m2\repository\org\springframework\boot\spring-boot-starter-thymeleaf\2.0.0.RELEASE\spring-boot-starter-thymeleaf-2.0.0.RELEASE.jar;C:\Users\Abioye\.m2\repository\org\thymeleaf\thymeleaf-spring5\3.0.9.RELEASE\thymeleaf-spring5-3.0.9.RELEASE.jar;C:\Users\Abioye\.m2\repository\nz\net\ultraq\thymeleaf\thymeleaf-layout-dialect\2.3.0\thymeleaf-layout-dialect-2.3.0.jar;C:\Users\Abioye\.m2\repository\nz\net\ultraq\thymeleaf\thymeleaf-expression-processor\1.1.3\thymeleaf-expression-processor-1.1.3.jar;C:\Users\Abioye\.m2\repository\org\codehaus\groovy\groovy\2.4.13\groovy-2.4.13.jar;C:\Users\Abioye\.m2\repository\org\thymeleaf\thymeleaf\3.0.9.RELEASE\thymeleaf-3.0.9.RELEASE.jar;C:\Users\Abioye\.m2\repository\ognl\ognl\3.1.12\ognl-3.1.12.jar;C:\Users\Abioye\.m2\repository\org\attoparser\attoparser\2.0.4.RELEASE\attoparser-2.0.4.RELEASE.jar;C:\Users\Abioye\.m2\repository\org\unbescape\unbescape\1.1.5.RELEASE\unbescape-1.1.5.RELEASE.jar;C:\Users\Abioye\.m2\repository\org\thymeleaf\extras\thymeleaf-extras-springsecurity4\3.0.2.RELEASE\thymeleaf-extras-springsecurity4-3.0.2.RELEASE.jar;C:\Users\Abioye\.m2\repository\org\slf4j\slf4j-api\1.7.25\slf4j-api-1.7.25.jar;C:\Users\Abioye\.m2\repository\org\thymeleaf\thymeleaf-spring4\3.0.9.RELEASE\thymeleaf-spring4-3.0.9.RELEASE.jar;C:\Users\Abioye\.m2\repository\org\thymeleaf\extras\thymeleaf-extras-java8time\3.0.1.RELEASE\thymeleaf-extras-java8time-3.0.1.RELEASE.jar;C:\Users\Abioye\.m2\repository\org\springframework\boot\spring-boot-starter-web\2.0.0.RELEASE\spring-boot-starter-web-2.0.0.RELEASE.jar;C:\Users\Abioye\.m2\repository\org\springframework\boot\spring-boot-starter-json\2.0.0.RELEASE\spring-boot-starter-json-2.0.0.RELEASE.jar;C:\Users\Abioye\.m2\repository\com\fasterxml\jackson\core\jackson-databind\2.9.4\jackson-databind-2.9.4.jar;C:\Users\Abioye\.m2\repository\com\fasterxml\jackson\core\jackson-annotations\2.9.0\jackson-annotations-2.9.0.jar;C:\Users\Abioye\.m2\repository\com\fasterxml\jackson\core\jackson-core\2.9.4\jackson-core-2.9.4.jar;C:\Users\Abioye\.m2\repository\com\fasterxml\jackson\datatype\jackson-datatype-jdk8\2.9.4\jackson-datatype-jdk8-2.9.4.jar;C:\Users\Abioye\.m2\repository\com\fasterxml\jackson\datatype\jackson-datatype-jsr310\2.9.4\jackson-datatype-jsr310-2.9.4.jar;C:\Users\Abioye\.m2\repository\com\fasterxml\jackson\module\jackson-module-parameter-names\2.9.4\jackson-module-parameter-names-2.9.4.jar;C:\Users\Abioye\.m2\repository\org\springframework\boot\spring-boot-starter-tomcat\2.0.0.RELEASE\spring-boot-starter-tomcat-2.0.0.RELEASE.jar;C:\Users\Abioye\.m2\repository\org\apache\tomcat\embed\tomcat-embed-core\8.5.28\tomcat-embed-core-8.5.28.jar;C:\Users\Abioye\.m2\repository\org\apache\tomcat\embed\tomcat-embed-el\8.5.28\tomcat-embed-el-8.5.28.jar;C:\Users\Abioye\.m2\repository\org\apache\tomcat\embed\tomcat-embed-websocket\8.5.28\tomcat-embed-websocket-8.5.28.jar;C:\Users\Abioye\.m2\repository\org\hibernate\validator\hibernate-validator\6.0.7.Final\hibernate-validator-6.0.7.Final.jar;C:\Users\Abioye\.m2\repository\javax\validation\validation-api\2.0.1.Final\validation-api-2.0.1.Final.jar;C:\Users\Abioye\.m2\repository\org\springframework\spring-web\5.0.4.RELEASE\spring-web-5.0.4.RELEASE.jar;C:\Users\Abioye\.m2\repository\org\springframework\spring-webmvc\5.0.4.RELEASE\spring-webmvc-5.0.4.RELEASE.jar;C:\Users\Abioye\.m2\repository\org\springframework\spring-expression\5.0.4.RELEASE\spring-expression-5.0.4.RELEASE.jar;C:\Users\Abioye\.m2\repository\org\springframework\boot\spring-boot-starter-security\2.0.0.RELEASE\spring-boot-starter-security-2.0.0.RELEASE.jar;C:\Users\Abioye\.m2\repository\org\springframework\spring-aop\5.0.4.RELEASE\spring-aop-5.0.4.RELEASE.jar;C:\Users\Abioye\.m2\repository\org\springframework\security\spring-security-config\5.0.3.RELEASE\spring-security-config-5.0.3.RELEASE.jar;C:\Users\Abioye\.m2\repository\org\springframework\security\spring-security-core\5.0.3.RELEASE\spring-security-core-5.0.3.RELEASE.jar;C:\Users\Abioye\.m2\repository\org\springframework\security\spring-security-web\5.0.3.RELEASE\spring-security-web-5.0.3.RELEASE.jar;C:\Users\Abioye\.m2\repository\org\springframework\boot\spring-boot-devtools\2.0.0.RELEASE\spring-boot-devtools-2.0.0.RELEASE.jar;C:\Users\Abioye\.m2\repository\org\springframework\boot\spring-boot-autoconfigure\2.0.0.RELEASE\spring-boot-autoconfigure-2.0.0.RELEASE.jar;C:\Users\Abioye\.m2\repository\mysql\mysql-connector-java\5.1.45\mysql-connector-java-5.1.45.jar;C:\Users\Abioye\.m2\repository\org\springframework\boot\spring-boot-starter-test\2.0.0.RELEASE\spring-boot-starter-test-2.0.0.RELEASE.jar;C:\Users\Abioye\.m2\repository\org\springframework\boot\spring-boot-test\2.0.0.RELEASE\spring-boot-test-2.0.0.RELEASE.jar;C:\Users\Abioye\.m2\repository\org\springframework\boot\spring-boot-test-autoconfigure\2.0.0.RELEASE\spring-boot-test-autoconfigure-2.0.0.RELEASE.jar;C:\Users\Abioye\.m2\repository\com\jayway\jsonpath\json-path\2.4.0\json-path-2.4.0.jar;C:\Users\Abioye\.m2\repository\net\minidev\json-smart\2.3\json-smart-2.3.jar;C:\Users\Abioye\.m2\repository\net\minidev\accessors-smart\1.2\accessors-smart-1.2.jar;C:\Users\Abioye\.m2\repository\org\ow2\asm\asm\5.0.4\asm-5.0.4.jar;C:\Users\Abioye\.m2\repository\junit\junit\4.12\junit-4.12.jar;C:\Users\Abioye\.m2\repository\org\assertj\assertj-core\3.9.1\assertj-core-3.9.1.jar;C:\Users\Abioye\.m2\repository\org\mockito\mockito-core\2.15.0\mockito-core-2.15.0.jar;C:\Users\Abioye\.m2\repository\net\bytebuddy\byte-buddy\1.7.10\byte-buddy-1.7.10.jar;C:\Users\Abioye\.m2\repository\net\bytebuddy\byte-buddy-agent\1.7.10\byte-buddy-agent-1.7.10.jar;C:\Users\Abioye\.m2\repository\org\objenesis\objenesis\2.6\objenesis-2.6.jar;C:\Users\Abioye\.m2\repository\org\hamcrest\hamcrest-core\1.3\hamcrest-core-1.3.jar;C:\Users\Abioye\.m2\repository\org\hamcrest\hamcrest-library\1.3\hamcrest-library-1.3.jar;C:\Users\Abioye\.m2\repository\org\skyscreamer\jsonassert\1.5.0\jsonassert-1.5.0.jar;C:\Users\Abioye\.m2\repository\org\springframework\spring-core\5.0.4.RELEASE\spring-core-5.0.4.RELEASE.jar;C:\Users\Abioye\.m2\repository\org\springframework\spring-jcl\5.0.4.RELEASE\spring-jcl-5.0.4.RELEASE.jar;C:\Users\Abioye\.m2\repository\org\springframework\spring-test\5.0.4.RELEASE\spring-test-5.0.4.RELEASE.jar;C:\Users\Abioye\.m2\repository\org\xmlunit\xmlunit-core\2.5.1\xmlunit-core-2.5.1.jar;C:\Users\Abioye\.m2\repository\com\nulab-inc\zxcvbn\1.2.3\zxcvbn-1.2.3.jar;C:\Users\Abioye\.m2\repository\net\sourceforge\nekohtml\nekohtml\1.9.22\nekohtml-1.9.22.jar;C:\Users\Abioye\.m2\repository\xerces\xercesImpl\2.11.0\xercesImpl-2.11.0.jar;C:\Users\Abioye\.m2\repository\xml-apis\xml-apis\1.4.01\xml-apis-1.4.01.jar;C:\Users\Abioye\.m2\repository\org\springframework\boot\spring-boot-starter-mail\2.0.0.RELEASE\spring-boot-starter-mail-2.0.0.RELEASE.jar;C:\Users\Abioye\.m2\repository\org\springframework\spring-context\5.0.4.RELEASE\spring-context-5.0.4.RELEASE.jar;C:\Users\Abioye\.m2\repository\org\springframework\spring-context-support\5.0.4.RELEASE\spring-context-support-5.0.4.RELEASE.jar;C:\Users\Abioye\.m2\repository\com\sun\mail\javax.mail\1.6.1\javax.mail-1.6.1.jar;C:\Users\Abioye\.m2\repository\javax\activation\activation\1.1\activation-1.1.jar;C:\Users\Abioye\.m2\repository\com\google\maps\google-maps-services\0.2.3\google-maps-services-0.2.3.jar;C:\Users\Abioye\.m2\repository\com\google\code\gson\gson\2.8.2\gson-2.8.2.jar;C:\Users\Abioye\.m2\repository\com\squareup\okhttp3\okhttp\3.8.1\okhttp-3.8.1.jar;C:\Users\Abioye\.m2\repository\com\squareup\okio\okio\1.13.0\okio-1.13.0.jar;C:\Users\Abioye\.m2\repository\joda-time\joda-time\2.9.9\joda-time-2.9.9.jar;C:\Users\Abioye\.m2\repository\com\google\guava\guava\23.0-android\guava-23.0-android.jar;C:\Users\Abioye\.m2\repository\com\google\code\findbugs\jsr305\1.3.9\jsr305-1.3.9.jar;C:\Users\Abioye\.m2\repository\com\google\errorprone\error_prone_annotations\2.0.18\error_prone_annotations-2.0.18.jar;C:\Users\Abioye\.m2\repository\com\google\j2objc\j2objc-annotations\1.1\j2objc-annotations-1.1.jar;C:\Users\Abioye\.m2\repository\org\codehaus\mojo\animal-sniffer-annotations\1.14\animal-sniffer-annotations-1.14.jar;C:\Users\Abioye\.m2\repository\org\slf4j\slf4j-nop\1.7.25\slf4j-nop-1.7.25.jar;"/>
    <property name="java.vm.vendor" value="Oracle Corporation"/>
    <property name="sun.arch.data.model" value="64"/>
    <property name="user.variant" value=""/>
    <property name="java.vendor.url" value="http://java.oracle.com/"/>
    <property name="user.timezone" value="Africa/Luanda"/>
    <property name="java.vm.specification.version" value="1.8"/>
    <property name="os.name" value="Windows 7"/>
    <property name="user.country" value="US"/>
    <property name="sun.java.launcher" value="SUN_STANDARD"/>
    <property name="sun.boot.library.path" value="C:\Program Files\Java\jdk1.8.0_51\jre\bin"/>
    <property name="sun.java.command" value="C:\Users\Abioye\AppData\Local\Temp\surefire7372864884107764642\surefirebooter4405480201982971948.jar C:\Users\Abioye\AppData\Local\Temp\surefire7372864884107764642 2018-11-17T18-09-38_437-jvmRun1 surefire3228724109915797521tmp surefire_05566627366718646190tmp"/>
    <property name="surefire.test.class.path" value="C:\Users\Abioye\nectar\target\test-classes;C:\Users\Abioye\nectar\target\classes;C:\Users\Abioye\.m2\repository\org\springframework\boot\spring-boot-properties-migrator\2.0.0.RELEASE\spring-boot-properties-migrator-2.0.0.RELEASE.jar;C:\Users\Abioye\.m2\repository\org\springframework\boot\spring-boot\2.0.0.RELEASE\spring-boot-2.0.0.RELEASE.jar;C:\Users\Abioye\.m2\repository\org\springframework\boot\spring-boot-configuration-metadata\2.0.0.RELEASE\spring-boot-configuration-metadata-2.0.0.RELEASE.jar;C:\Users\Abioye\.m2\repository\com\vaadin\external\google\android-json\0.0.20131108.vaadin1\android-json-0.0.20131108.vaadin1.jar;C:\Users\Abioye\.m2\repository\org\springframework\boot\spring-boot-starter-data-jpa\2.0.0.RELEASE\spring-boot-starter-data-jpa-2.0.0.RELEASE.jar;C:\Users\Abioye\.m2\repository\org\springframework\boot\spring-boot-starter\2.0.0.RELEASE\spring-boot-starter-2.0.0.RELEASE.jar;C:\Users\Abioye\.m2\repository\org\springframework\boot\spring-boot-starter-logging\2.0.0.RELEASE\spring-boot-starter-logging-2.0.0.RELEASE.jar;C:\Users\Abioye\.m2\repository\ch\qos\logback\logback-classic\1.2.3\logback-classic-1.2.3.jar;C:\Users\Abioye\.m2\repository\ch\qos\logback\logback-core\1.2.3\logback-core-1.2.3.jar;C:\Users\Abioye\.m2\repository\org\apache\logging\log4j\log4j-to-slf4j\2.10.0\log4j-to-slf4j-2.10.0.jar;C:\Users\Abioye\.m2\repository\org\apache\logging\log4j\log4j-api\2.10.0\log4j-api-2.10.0.jar;C:\Users\Abioye\.m2\repository\org\slf4j\jul-to-slf4j\1.7.25\jul-to-slf4j-1.7.25.jar;C:\Users\Abioye\.m2\repository\javax\annotation\javax.annotation-api\1.3.2\javax.annotation-api-1.3.2.jar;C:\Users\Abioye\.m2\repository\org\yaml\snakeyaml\1.19\snakeyaml-1.19.jar;C:\Users\Abioye\.m2\repository\org\springframework\boot\spring-boot-starter-aop\2.0.0.RELEASE\spring-boot-starter-aop-2.0.0.RELEASE.jar;C:\Users\Abioye\.m2\repository\org\aspectj\aspectjweaver\1.8.13\aspectjweaver-1.8.13.jar;C:\Users\Abioye\.m2\repository\org\springframework\boot\spring-boot-starter-jdbc\2.0.0.RELEASE\spring-boot-starter-jdbc-2.0.0.RELEASE.jar;C:\Users\Abioye\.m2\repository\com\zaxxer\HikariCP\2.7.8\HikariCP-2.7.8.jar;C:\Users\Abioye\.m2\repository\org\springframework\spring-jdbc\5.0.4.RELEASE\spring-jdbc-5.0.4.RELEASE.jar;C:\Users\Abioye\.m2\repository\org\hibernate\hibernate-core\5.2.14.Final\hibernate-core-5.2.14.Final.jar;C:\Users\Abioye\.m2\repository\org\jboss\logging\jboss-logging\3.3.2.Final\jboss-logging-3.3.2.Final.jar;C:\Users\Abioye\.m2\repository\org\hibernate\javax\persistence\hibernate-jpa-2.1-api\1.0.0.Final\hibernate-jpa-2.1-api-1.0.0.Final.jar;C:\Users\Abioye\.m2\repository\org\javassist\javassist\3.22.0-GA\javassist-3.22.0-GA.jar;C:\Users\Abioye\.m2\repository\antlr\antlr\2.7.7\antlr-2.7.7.jar;C:\Users\Abioye\.m2\repository\org\jboss\jandex\2.0.3.Final\jandex-2.0.3.Final.jar;C:\Users\Abioye\.m2\repository\com\fasterxml\classmate\1.3.4\classmate-1.3.4.jar;C:\Users\Abioye\.m2\repository\dom4j\dom4j\1.6.1\dom4j-1.6.1.jar;C:\Users\Abioye\.m2\repository\org\hibernate\common\hibernate-commons-annotations\5.0.1.Final\hibernate-commons-annotations-5.0.1.Final.jar;C:\Users\Abioye\.m2\repository\javax\transaction\javax.transaction-api\1.2\javax.transaction-api-1.2.jar;C:\Users\Abioye\.m2\repository\org\springframework\data\spring-data-jpa\2.0.5.RELEASE\spring-data-jpa-2.0.5.RELEASE.jar;C:\Users\Abioye\.m2\repository\org\springframework\data\spring-data-commons\2.0.5.RELEASE\spring-data-commons-2.0.5.RELEASE.jar;C:\Users\Abioye\.m2\repository\org\springframework\spring-orm\5.0.4.RELEASE\spring-orm-5.0.4.RELEASE.jar;C:\Users\Abioye\.m2\repository\org\springframework\spring-tx\5.0.4.RELEASE\spring-tx-5.0.4.RELEASE.jar;C:\Users\Abioye\.m2\repository\org\springframework\spring-beans\5.0.4.RELEASE\spring-beans-5.0.4.RELEASE.jar;C:\Users\Abioye\.m2\repository\org\springframework\spring-aspects\5.0.4.RELEASE\spring-aspects-5.0.4.RELEASE.jar;C:\Users\Abioye\.m2\repository\org\springframework\boot\spring-boot-starter-thymeleaf\2.0.0.RELEASE\spring-boot-starter-thymeleaf-2.0.0.RELEASE.jar;C:\Users\Abioye\.m2\repository\org\thymeleaf\thymeleaf-spring5\3.0.9.RELEASE\thymeleaf-spring5-3.0.9.RELEASE.jar;C:\Users\Abioye\.m2\repository\nz\net\ultraq\thymeleaf\thymeleaf-layout-dialect\2.3.0\thymeleaf-layout-dialect-2.3.0.jar;C:\Users\Abioye\.m2\repository\nz\net\ultraq\thymeleaf\thymeleaf-expression-processor\1.1.3\thymeleaf-expression-processor-1.1.3.jar;C:\Users\Abioye\.m2\repository\org\codehaus\groovy\groovy\2.4.13\groovy-2.4.13.jar;C:\Users\Abioye\.m2\repository\org\thymeleaf\thymeleaf\3.0.9.RELEASE\thymeleaf-3.0.9.RELEASE.jar;C:\Users\Abioye\.m2\repository\ognl\ognl\3.1.12\ognl-3.1.12.jar;C:\Users\Abioye\.m2\repository\org\attoparser\attoparser\2.0.4.RELEASE\attoparser-2.0.4.RELEASE.jar;C:\Users\Abioye\.m2\repository\org\unbescape\unbescape\1.1.5.RELEASE\unbescape-1.1.5.RELEASE.jar;C:\Users\Abioye\.m2\repository\org\thymeleaf\extras\thymeleaf-extras-springsecurity4\3.0.2.RELEASE\thymeleaf-extras-springsecurity4-3.0.2.RELEASE.jar;C:\Users\Abioye\.m2\repository\org\slf4j\slf4j-api\1.7.25\slf4j-api-1.7.25.jar;C:\Users\Abioye\.m2\repository\org\thymeleaf\thymeleaf-spring4\3.0.9.RELEASE\thymeleaf-spring4-3.0.9.RELEASE.jar;C:\Users\Abioye\.m2\repository\org\thymeleaf\extras\thymeleaf-extras-java8time\3.0.1.RELEASE\thymeleaf-extras-java8time-3.0.1.RELEASE.jar;C:\Users\Abioye\.m2\repository\org\springframework\boot\spring-boot-starter-web\2.0.0.RELEASE\spring-boot-starter-web-2.0.0.RELEASE.jar;C:\Users\Abioye\.m2\repository\org\springframework\boot\spring-boot-starter-json\2.0.0.RELEASE\spring-boot-starter-json-2.0.0.RELEASE.jar;C:\Users\Abioye\.m2\repository\com\fasterxml\jackson\core\jackson-databind\2.9.4\jackson-databind-2.9.4.jar;C:\Users\Abioye\.m2\repository\com\fasterxml\jackson\core\jackson-annotations\2.9.0\jackson-annotations-2.9.0.jar;C:\Users\Abioye\.m2\repository\com\fasterxml\jackson\core\jackson-core\2.9.4\jackson-core-2.9.4.jar;C:\Users\Abioye\.m2\repository\com\fasterxml\jackson\datatype\jackson-datatype-jdk8\2.9.4\jackson-datatype-jdk8-2.9.4.jar;C:\Users\Abioye\.m2\repository\com\fasterxml\jackson\datatype\jackson-datatype-jsr310\2.9.4\jackson-datatype-jsr310-2.9.4.jar;C:\Users\Abioye\.m2\repository\com\fasterxml\jackson\module\jackson-module-parameter-names\2.9.4\jackson-module-parameter-names-2.9.4.jar;C:\Users\Abioye\.m2\repository\org\springframework\boot\spring-boot-starter-tomcat\2.0.0.RELEASE\spring-boot-starter-tomcat-2.0.0.RELEASE.jar;C:\Users\Abioye\.m2\repository\org\apache\tomcat\embed\tomcat-embed-core\8.5.28\tomcat-embed-core-8.5.28.jar;C:\Users\Abioye\.m2\repository\org\apache\tomcat\embed\tomcat-embed-el\8.5.28\tomcat-embed-el-8.5.28.jar;C:\Users\Abioye\.m2\repository\org\apache\tomcat\embed\tomcat-embed-websocket\8.5.28\tomcat-embed-websocket-8.5.28.jar;C:\Users\Abioye\.m2\repository\org\hibernate\validator\hibernate-validator\6.0.7.Final\hibernate-validator-6.0.7.Final.jar;C:\Users\Abioye\.m2\repository\javax\validation\validation-api\2.0.1.Final\validation-api-2.0.1.Final.jar;C:\Users\Abioye\.m2\repository\org\springframework\spring-web\5.0.4.RELEASE\spring-web-5.0.4.RELEASE.jar;C:\Users\Abioye\.m2\repository\org\springframework\spring-webmvc\5.0.4.RELEASE\spring-webmvc-5.0.4.RELEASE.jar;C:\Users\Abioye\.m2\repository\org\springframework\spring-expression\5.0.4.RELEASE\spring-expression-5.0.4.RELEASE.jar;C:\Users\Abioye\.m2\repository\org\springframework\boot\spring-boot-starter-security\2.0.0.RELEASE\spring-boot-starter-security-2.0.0.RELEASE.jar;C:\Users\Abioye\.m2\repository\org\springframework\spring-aop\5.0.4.RELEASE\spring-aop-5.0.4.RELEASE.jar;C:\Users\Abioye\.m2\repository\org\springframework\security\spring-security-config\5.0.3.RELEASE\spring-security-config-5.0.3.RELEASE.jar;C:\Users\Abioye\.m2\repository\org\springframework\security\spring-security-core\5.0.3.RELEASE\spring-security-core-5.0.3.RELEASE.jar;C:\Users\Abioye\.m2\repository\org\springframework\security\spring-security-web\5.0.3.RELEASE\spring-security-web-5.0.3.RELEASE.jar;C:\Users\Abioye\.m2\repository\org\springframework\boot\spring-boot-devtools\2.0.0.RELEASE\spring-boot-devtools-2.0.0.RELEASE.jar;C:\Users\Abioye\.m2\repository\org\springframework\boot\spring-boot-autoconfigure\2.0.0.RELEASE\spring-boot-autoconfigure-2.0.0.RELEASE.jar;C:\Users\Abioye\.m2\repository\mysql\mysql-connector-java\5.1.45\mysql-connector-java-5.1.45.jar;C:\Users\Abioye\.m2\repository\org\springframework\boot\spring-boot-starter-test\2.0.0.RELEASE\spring-boot-starter-test-2.0.0.RELEASE.jar;C:\Users\Abioye\.m2\repository\org\springframework\boot\spring-boot-test\2.0.0.RELEASE\spring-boot-test-2.0.0.RELEASE.jar;C:\Users\Abioye\.m2\repository\org\springframework\boot\spring-boot-test-autoconfigure\2.0.0.RELEASE\spring-boot-test-autoconfigure-2.0.0.RELEASE.jar;C:\Users\Abioye\.m2\repository\com\jayway\jsonpath\json-path\2.4.0\json-path-2.4.0.jar;C:\Users\Abioye\.m2\repository\net\minidev\json-smart\2.3\json-smart-2.3.jar;C:\Users\Abioye\.m2\repository\net\minidev\accessors-smart\1.2\accessors-smart-1.2.jar;C:\Users\Abioye\.m2\repository\org\ow2\asm\asm\5.0.4\asm-5.0.4.jar;C:\Users\Abioye\.m2\repository\junit\junit\4.12\junit-4.12.jar;C:\Users\Abioye\.m2\repository\org\assertj\assertj-core\3.9.1\assertj-core-3.9.1.jar;C:\Users\Abioye\.m2\repository\org\mockito\mockito-core\2.15.0\mockito-core-2.15.0.jar;C:\Users\Abioye\.m2\repository\net\bytebuddy\byte-buddy\1.7.10\byte-buddy-1.7.10.jar;C:\Users\Abioye\.m2\repository\net\bytebuddy\byte-buddy-agent\1.7.10\byte-buddy-agent-1.7.10.jar;C:\Users\Abioye\.m2\repository\org\objenesis\objenesis\2.6\objenesis-2.6.jar;C:\Users\Abioye\.m2\repository\org\hamcrest\hamcrest-core\1.3\hamcrest-core-1.3.jar;C:\Users\Abioye\.m2\repository\org\hamcrest\hamcrest-library\1.3\hamcrest-library-1.3.jar;C:\Users\Abioye\.m2\repository\org\skyscreamer\jsonassert\1.5.0\jsonassert-1.5.0.jar;C:\Users\Abioye\.m2\repository\org\springframework\spring-core\5.0.4.RELEASE\spring-core-5.0.4.RELEASE.jar;C:\Users\Abioye\.m2\repository\org\springframework\spring-jcl\5.0.4.RELEASE\spring-jcl-5.0.4.RELEASE.jar;C:\Users\Abioye\.m2\repository\org\springframework\spring-test\5.0.4.RELEASE\spring-test-5.0.4.RELEASE.jar;C:\Users\Abioye\.m2\repository\org\xmlunit\xmlunit-core\2.5.1\xmlunit-core-2.5.1.jar;C:\Users\Abioye\.m2\repository\com\nulab-inc\zxcvbn\1.2.3\zxcvbn-1.2.3.jar;C:\Users\Abioye\.m2\repository\net\sourceforge\nekohtml\nekohtml\1.9.22\nekohtml-1.9.22.jar;C:\Users\Abioye\.m2\repository\xerces\xercesImpl\2.11.0\xercesImpl-2.11.0.jar;C:\Users\Abioye\.m2\repository\xml-apis\xml-apis\1.4.01\xml-apis-1.4.01.jar;C:\Users\Abioye\.m2\repository\org\springframework\boot\spring-boot-starter-mail\2.0.0.RELEASE\spring-boot-starter-mail-2.0.0.RELEASE.jar;C:\Users\Abioye\.m2\repository\org\springframework\spring-context\5.0.4.RELEASE\spring-context-5.0.4.RELEASE.jar;C:\Users\Abioye\.m2\repository\org\springframework\spring-context-support\5.0.4.RELEASE\spring-context-support-5.0.4.RELEASE.jar;C:\Users\Abioye\.m2\repository\com\sun\mail\javax.mail\1.6.1\javax.mail-1.6.1.jar;C:\Users\Abioye\.m2\repository\javax\activation\activation\1.1\activation-1.1.jar;C:\Users\Abioye\.m2\repository\com\google\maps\google-maps-services\0.2.3\google-maps-services-0.2.3.jar;C:\Users\Abioye\.m2\repository\com\google\code\gson\gson\2.8.2\gson-2.8.2.jar;C:\Users\Abioye\.m2\repository\com\squareup\okhttp3\okhttp\3.8.1\okhttp-3.8.1.jar;C:\Users\Abioye\.m2\repository\com\squareup\okio\okio\1.13.0\okio-1.13.0.jar;C:\Users\Abioye\.m2\repository\joda-time\joda-time\2.9.9\joda-time-2.9.9.jar;C:\Users\Abioye\.m2\repository\com\google\guava\guava\23.0-android\guava-23.0-android.jar;C:\Users\Abioye\.m2\repository\com\google\code\findbugs\jsr305\1.3.9\jsr305-1.3.9.jar;C:\Users\Abioye\.m2\repository\com\google\errorprone\error_prone_annotations\2.0.18\error_prone_annotations-2.0.18.jar;C:\Users\Abioye\.m2\repository\com\google\j2objc\j2objc-annotations\1.1\j2objc-annotations-1.1.jar;C:\Users\Abioye\.m2\repository\org\codehaus\mojo\animal-sniffer-annotations\1.14\animal-sniffer-annotations-1.14.jar;C:\Users\Abioye\.m2\repository\org\slf4j\slf4j-nop\1.7.25\slf4j-nop-1.7.25.jar;"/>
    <property name="sun.cpu.endian" value="little"/>
    <property name="user.home" value="C:\Users\Abioye"/>
    <property name="user.language" value="en"/>
    <property name="java.specification.vendor" value="Oracle Corporation"/>
    <property name="java.home" value="C:\Program Files\Java\jdk1.8.0_51\jre"/>
    <property name="basedir" value="C:\Users\Abioye\nectar"/>
    <property name="file.separator" value="\"/>
    <property name="line.separator" value="&#10;"/>
    <property name="java.vm.specification.vendor" value="Oracle Corporation"/>
    <property name="java.specification.name" value="Java Platform API Specification"/>
    <property name="java.awt.graphicsenv" value="sun.awt.Win32GraphicsEnvironment"/>
    <property name="surefire.real.class.path" value="C:\Users\Abioye\AppData\Local\Temp\surefire7372864884107764642\surefirebooter4405480201982971948.jar"/>
    <property name="sun.boot.class.path" value="C:\Program Files\Java\jdk1.8.0_51\jre\lib\resources.jar;C:\Program Files\Java\jdk1.8.0_51\jre\lib\rt.jar;C:\Program Files\Java\jdk1.8.0_51\jre\lib\sunrsasign.jar;C:\Program Files\Java\jdk1.8.0_51\jre\lib\jsse.jar;C:\Program Files\Java\jdk1.8.0_51\jre\lib\jce.jar;C:\Program Files\Java\jdk1.8.0_51\jre\lib\charsets.jar;C:\Program Files\Java\jdk1.8.0_51\jre\lib\jfr.jar;C:\Program Files\Java\jdk1.8.0_51\jre\classes"/>
    <property name="user.script" value=""/>
    <property name="sun.management.compiler" value="HotSpot 64-Bit Tiered Compilers"/>
    <property name="java.runtime.version" value="1.8.0_51-b16"/>
    <property name="user.name" value="Abioye"/>
    <property name="path.separator" value=";"/>
    <property name="os.version" value="6.1"/>
    <property name="java.endorsed.dirs" value="C:\Program Files\Java\jdk1.8.0_51\jre\lib\endorsed"/>
    <property name="java.runtime.name" value="Java(TM) SE Runtime Environment"/>
    <property name="file.encoding" value="Cp1252"/>
    <property name="java.vm.name" value="Java HotSpot(TM) 64-Bit Server VM"/>
    <property name="localRepository" value="C:\Users\Abioye\.m2\repository"/>
    <property name="java.vendor.url.bug" value="http://bugreport.sun.com/bugreport/"/>
    <property name="java.io.tmpdir" value="C:\Users\Abioye\AppData\Local\Temp\"/>
    <property name="java.version" value="1.8.0_51"/>
    <property name="user.dir" value="C:\Users\Abioye\nectar"/>
    <property name="os.arch" value="amd64"/>
    <property name="java.vm.specification.name" value="Java Virtual Machine Specification"/>
    <property name="java.awt.printerjob" value="sun.awt.windows.WPrinterJob"/>
    <property name="sun.os.patch.level" value="Service Pack 1"/>
    <property name="java.library.path" value="C:\Program Files\Java\jdk1.8.0_51\jre\bin;C:\Windows\Sun\Java\bin;C:\Windows\system32;C:\Windows;C:\Program Files\Common Files\Microsoft Shared\Windows Live;C:\Program Files (x86)\Common Files\Microsoft Shared\Windows Live;C:\Program Files (x86)\Intel\iCLS Client\;C:\Program Files\Intel\iCLS Client\;C:\Windows\system32;C:\Windows;C:\Windows\System32\Wbem;C:\Windows\System32\WindowsPowerShell\v1.0\;C:\Program Files\Intel\Intel(R) Management Engine Components\DAL;C:\Program Files\Intel\Intel(R) Management Engine Components\IPT;C:\Program Files (x86)\Intel\Intel(R) Management Engine Components\DAL;C:\Program Files (x86)\Intel\Intel(R) Management Engine Components\IPT;C:\Program Files\Intel\WiFi\bin\;C:\Program Files\Common Files\Intel\WirelessCommon\;C:\Program Files (x86)\Windows Live\Shared;C:\Program Files\Dell\Dell Data Protection\TSS\bin\;C:\Program Files (x86)\MySQL\MySQL Fabric 1.5 &amp; MySQL Utilities 1.5\;C:\Program Files (x86)\MySQL\MySQL Fabric 1.5 &amp; MySQL Utilities 1.5\Doctrine extensions for PHP\;C:\Program Files\Git\cmd;C:\Program Files (x86)\Yarn\bin\;C:\Users\C:\Windows\system32\config\systemprofile\AppData\Roaming\npm;C:\Users\SYSTEM\AppData\Roaming\npm;%AppData%\npm;C:\Program Files\MongoDB\Server\4.0;C:\Program Files\Java\jdk1.8.0_51\bin;C:\Program Files (x86)\scala\bin;C:\Work\maven\bin;C:\Work\spring-2.1.0.RELEASE\bin;C:\Users\Abioye\AppData\Local\Programs\Python\Python37\Scripts\;C:\Users\Abioye\AppData\Local\Programs\Python\Python37\;C:\AppServ\Apache24\bin;C:\AppServ\php5;C:\Users\Abioye\AppData\Local\Keybase\;C:\Program Files\MySQL\MySQL Server 5.7\bin;C:\Users\C:\Users\Abioye\AppData\Roaming\npm;C:\Users\Abioye\AppData\Roaming\npm;C:\Users\Abioye\AppData\Roaming\npm;C:\Users\Abioye\AppData\Roaming\npm;C:\Program Files\nodejs\;C:\Program Files\heroku\bin;C:\Users\Abioye\AppData\Local\Programs\Microsoft VS Code\bin;C:\Users\Abioye\AppData\Local\Yarn\bin;."/>
    <property name="java.vm.info" value="mixed mode"/>
    <property name="java.vendor" value="Oracle Corporation"/>
    <property name="java.vm.version" value="25.51-b03"/>
    <property name="java.ext.dirs" value="C:\Program Files\Java\jdk1.8.0_51\jre\lib\ext;C:\Windows\Sun\Java\lib\ext"/>
    <property name="sun.io.unicode.encoding" value="UnicodeLittle"/>
    <property name="java.class.version" value="52.0"/>
  </properties>
  <testcase name="contextLoads" classname="ng.nectar.PoliworksApplicationTests" time="0.001"/>
</testsuite>